Run started: 2025-09-06T20:44:54Z
2025-09-06 20:44:54,973 [INFO] === Collector start ===
2025-09-06 20:44:54,977 [INFO] [thyssen] importing module...
2025-09-06 20:44:55,048 [ERROR] [thyssen] import failed: cannot import name 'fetch_html' from 'scrapers.utils' (/home/runner/work/malaga-cultural-app/malaga-cultural-app/scrapers/utils.py)
Traceback (most recent call last):
  File "/home/runner/work/malaga-cultural-app/malaga-cultural-app/scrapers/collector.py", line 50, in collect
    mod = import_module(f"scrapers.institutions.{iid}")
          ^^^^^^^^^^^^^^^^^^^^^^^^^^^^^^^^^^^^^^^^^^^^^
  File "/opt/hostedtoolcache/Python/3.11.13/x64/lib/python3.11/importlib/__init__.py", line 126, in import_module
    return _bootstrap._gcd_import(name[level:], package, level)
           ^^^^^^^^^^^^^^^^^^^^^^^^^^^^^^^^^^^^^^^^^^^^^^^^^^^^
  File "<frozen importlib._bootstrap>", line 1204, in _gcd_import
  File "<frozen importlib._bootstrap>", line 1176, in _find_and_load
  File "<frozen importlib._bootstrap>", line 1147, in _find_and_load_unlocked
  File "<frozen importlib._bootstrap>", line 690, in _load_unlocked
  File "<frozen importlib._bootstrap_external>", line 940, in exec_module
  File "<frozen importlib._bootstrap>", line 241, in _call_with_frames_removed
  File "/home/runner/work/malaga-cultural-app/malaga-cultural-app/scrapers/institutions/thyssen.py", line 4, in <module>
    from ..utils import parse_spanish_date_text, fetch_html
ImportError: cannot import name 'fetch_html' from 'scrapers.utils' (/home/runner/work/malaga-cultural-app/malaga-cultural-app/scrapers/utils.py)
2025-09-06 20:44:55,060 [INFO] [pompidou] importing module...
2025-09-06 20:44:55,062 [ERROR] [pompidou] import failed: cannot import name 'fetch_html' from 'scrapers.utils' (/home/runner/work/malaga-cultural-app/malaga-cultural-app/scrapers/utils.py)
Traceback (most recent call last):
  File "/home/runner/work/malaga-cultural-app/malaga-cultural-app/scrapers/collector.py", line 50, in collect
    mod = import_module(f"scrapers.institutions.{iid}")
          ^^^^^^^^^^^^^^^^^^^^^^^^^^^^^^^^^^^^^^^^^^^^^
  File "/opt/hostedtoolcache/Python/3.11.13/x64/lib/python3.11/importlib/__init__.py", line 126, in import_module
    return _bootstrap._gcd_import(name[level:], package, level)
           ^^^^^^^^^^^^^^^^^^^^^^^^^^^^^^^^^^^^^^^^^^^^^^^^^^^^
  File "<frozen importlib._bootstrap>", line 1204, in _gcd_import
  File "<frozen importlib._bootstrap>", line 1176, in _find_and_load
  File "<frozen importlib._bootstrap>", line 1147, in _find_and_load_unlocked
  File "<frozen importlib._bootstrap>", line 690, in _load_unlocked
  File "<frozen importlib._bootstrap_external>", line 940, in exec_module
  File "<frozen importlib._bootstrap>", line 241, in _call_with_frames_removed
  File "/home/runner/work/malaga-cultural-app/malaga-cultural-app/scrapers/institutions/pompidou.py", line 4, in <module>
    from ..utils import parse_spanish_date_text, fetch_html
ImportError: cannot import name 'fetch_html' from 'scrapers.utils' (/home/runner/work/malaga-cultural-app/malaga-cultural-app/scrapers/utils.py)
2025-09-06 20:44:55,063 [INFO] [picasso] importing module...
2025-09-06 20:44:55,065 [ERROR] [picasso] import failed: cannot import name 'fetch_html' from 'scrapers.utils' (/home/runner/work/malaga-cultural-app/malaga-cultural-app/scrapers/utils.py)
Traceback (most recent call last):
  File "/home/runner/work/malaga-cultural-app/malaga-cultural-app/scrapers/collector.py", line 50, in collect
    mod = import_module(f"scrapers.institutions.{iid}")
          ^^^^^^^^^^^^^^^^^^^^^^^^^^^^^^^^^^^^^^^^^^^^^
  File "/opt/hostedtoolcache/Python/3.11.13/x64/lib/python3.11/importlib/__init__.py", line 126, in import_module
    return _bootstrap._gcd_import(name[level:], package, level)
           ^^^^^^^^^^^^^^^^^^^^^^^^^^^^^^^^^^^^^^^^^^^^^^^^^^^^
  File "<frozen importlib._bootstrap>", line 1204, in _gcd_import
  File "<frozen importlib._bootstrap>", line 1176, in _find_and_load
  File "<frozen importlib._bootstrap>", line 1147, in _find_and_load_unlocked
  File "<frozen importlib._bootstrap>", line 690, in _load_unlocked
  File "<frozen importlib._bootstrap_external>", line 940, in exec_module
  File "<frozen importlib._bootstrap>", line 241, in _call_with_frames_removed
  File "/home/runner/work/malaga-cultural-app/malaga-cultural-app/scrapers/institutions/picasso.py", line 4, in <module>
    from ..utils import parse_spanish_date_text, fetch_html
ImportError: cannot import name 'fetch_html' from 'scrapers.utils' (/home/runner/work/malaga-cultural-app/malaga-cultural-app/scrapers/utils.py)
2025-09-06 20:44:55,066 [INFO] [OK] catalog -> 0 items (dedup from 0)
2025-09-06 20:44:55,066 [INFO] === Collector end ===
Run finished: 2025-09-06T20:44:55Z

=== DATA DIR LISTING ===
total 28K
drwxr-xr-x 3 runner docker 4.0K Sep  6 20:44 .
drwxr-xr-x 8 runner docker 4.0K Sep  6 20:44 ..
-rw-r--r-- 1 runner docker    0 Sep  6 20:44 catalog.jsonl
-rw-r--r-- 1 runner docker    2 Sep  6 20:44 curated.json
-rw-r--r-- 1 runner docker  187 Sep  6 20:44 manual_events.csv
-rw-r--r-- 1 runner docker 4.7K Sep  6 20:44 run.log
drwxr-xr-x 2 runner docker 4.0K Sep  6 20:44 sources
